{"timestamp":"2026-05-10T12:02:41.235494Z","level":"INFO","fields":{"message":"python/3.10.5; huggingface_hub/1.14.0; hf_xet/1.5.0; , xet-core revision 6ed5a00-modified"},"filename":"D:\\a\\xet-core\\xet-core\\xet_runtime\\src\\logging\\init.rs","line_number":65}
{"timestamp":"2026-05-10T12:02:41.236027Z","level":"INFO","fields":{"message":"hf_xet logging configured."},"filename":"src\\logging.rs","line_number":36}
{"timestamp":"2026-05-10T12:02:41.713742Z","level":"INFO","fields":{"message":"Config: min_spacing_between_global_dedup_queries = 256 (default)"},"filename":"D:\\a\\xet-core\\xet-core\\xet_runtime\\src\\utils\\configuration_utils.rs","line_number":53}
{"timestamp":"2026-05-10T12:02:41.713811Z","level":"INFO","fields":{"message":"Config: local_cas_scheme = \"local://\" (default)"},"filename":"D:\\a\\xet-core\\xet-core\\xet_runtime\\src\\utils\\configuration_utils.rs","line_number":53}
{"timestamp":"2026-05-10T12:02:41.713860Z","level":"INFO","fields":{"message":"Config: max_concurrent_file_ingestion = 8 (default)"},"filename":"D:\\a\\xet-core\\xet-core\\xet_runtime\\src\\utils\\configuration_utils.rs","line_number":53}
{"timestamp":"2026-05-10T12:02:41.713880Z","level":"INFO","fields":{"message":"Config: max_concurrent_file_downloads = 8 (default)"},"filename":"D:\\a\\xet-core\\xet-core\\xet_runtime\\src\\utils\\configuration_utils.rs","line_number":53}
{"timestamp":"2026-05-10T12:02:41.713909Z","level":"INFO","fields":{"message":"Config: ingestion_block_size = 8MB (default)"},"filename":"D:\\a\\xet-core\\xet-core\\xet_runtime\\src\\utils\\configuration_utils.rs","line_number":53}
{"timestamp":"2026-05-10T12:02:41.713943Z","level":"INFO","fields":{"message":"Config: progress_update_interval = 200ms (default)"},"filename":"D:\\a\\xet-core\\xet-core\\xet_runtime\\src\\utils\\configuration_utils.rs","line_number":53}
{"timestamp":"2026-05-10T12:02:41.713981Z","level":"INFO","fields":{"message":"Config: progress_update_speed_sampling_window = 10s (default)"},"filename":"D:\\a\\xet-core\\xet-core\\xet_runtime\\src\\utils\\configuration_utils.rs","line_number":53}
{"timestamp":"2026-05-10T12:02:41.714000Z","level":"INFO","fields":{"message":"Config: progress_update_speed_min_observations = 4 (default)"},"filename":"D:\\a\\xet-core\\xet-core\\xet_runtime\\src\\utils\\configuration_utils.rs","line_number":53}
{"timestamp":"2026-05-10T12:02:41.714031Z","level":"INFO","fields":{"message":"Config: session_xorb_metadata_flush_interval = 20s (default)"},"filename":"D:\\a\\xet-core\\xet-core\\xet_runtime\\src\\utils\\configuration_utils.rs","line_number":53}
{"timestamp":"2026-05-10T12:02:41.714062Z","level":"INFO","fields":{"message":"Config: session_xorb_metadata_flush_max_count = 64 (default)"},"filename":"D:\\a\\xet-core\\xet-core\\xet_runtime\\src\\utils\\configuration_utils.rs","line_number":53}
{"timestamp":"2026-05-10T12:02:41.714081Z","level":"INFO","fields":{"message":"Config: default_cas_endpoint = \"http://localhost:8080\" (default)"},"filename":"D:\\a\\xet-core\\xet-core\\xet_runtime\\src\\utils\\configuration_utils.rs","line_number":53}
{"timestamp":"2026-05-10T12:02:41.714102Z","level":"INFO","fields":{"message":"Config: aggregate_progress = true (default)"},"filename":"D:\\a\\xet-core\\xet-core\\xet_runtime\\src\\utils\\configuration_utils.rs","line_number":53}
{"timestamp":"2026-05-10T12:02:41.714122Z","level":"INFO","fields":{"message":"Config: default_prefix = \"default\" (default)"},"filename":"D:\\a\\xet-core\\xet-core\\xet_runtime\\src\\utils\\configuration_utils.rs","line_number":53}
{"timestamp":"2026-05-10T12:02:41.714142Z","level":"INFO","fields":{"message":"Config: staging_subdir = \"staging\" (default)"},"filename":"D:\\a\\xet-core\\xet-core\\xet_runtime\\src\\utils\\configuration_utils.rs","line_number":53}
{"timestamp":"2026-05-10T12:02:41.714172Z","level":"INFO","fields":{"message":"Config: target_size = 67108864 (default)"},"filename":"D:\\a\\xet-core\\xet-core\\xet_runtime\\src\\utils\\configuration_utils.rs","line_number":53}
{"timestamp":"2026-05-10T12:02:41.714201Z","level":"INFO","fields":{"message":"Config: max_target_size = 67108864 (default)"},"filename":"D:\\a\\xet-core\\xet-core\\xet_runtime\\src\\utils\\configuration_utils.rs","line_number":53}
{"timestamp":"2026-05-10T12:02:41.714233Z","level":"INFO","fields":{"message":"Config: cache_size_limit = 16GB (default)"},"filename":"D:\\a\\xet-core\\xet-core\\xet_runtime\\src\\utils\\configuration_utils.rs","line_number":53}
{"timestamp":"2026-05-10T12:02:41.714275Z","level":"INFO","fields":{"message":"Config: chunk_index_table_max_size = 67108864 (default)"},"filename":"D:\\a\\xet-core\\xet-core\\xet_runtime\\src\\utils\\configuration_utils.rs","line_number":53}
{"timestamp":"2026-05-10T12:02:41.714296Z","level":"INFO","fields":{"message":"Config: cache_subdir = \"shard-cache\" (default)"},"filename":"D:\\a\\xet-core\\xet-core\\xet_runtime\\src\\utils\\configuration_utils.rs","line_number":53}
{"timestamp":"2026-05-10T12:02:41.714318Z","level":"INFO","fields":{"message":"Config: nranges_in_streaming_fragmentation_estimator = 128 (default)"},"filename":"D:\\a\\xet-core\\xet-core\\xet_runtime\\src\\utils\\configuration_utils.rs","line_number":53}
{"timestamp":"2026-05-10T12:02:41.714339Z","level":"INFO","fields":{"message":"Config: min_n_chunks_per_range_hysteresis_factor = 0.5 (default)"},"filename":"D:\\a\\xet-core\\xet-core\\xet_runtime\\src\\utils\\configuration_utils.rs","line_number":53}
{"timestamp":"2026-05-10T12:02:41.714819Z","level":"INFO","fields":{"message":"Config: min_n_chunks_per_range = 8.0 (default)"},"filename":"D:\\a\\xet-core\\xet-core\\xet_runtime\\src\\utils\\configuration_utils.rs","line_number":53}
{"timestamp":"2026-05-10T12:02:41.714852Z","level":"INFO","fields":{"message":"Config: global_dedup_query_enabled = true (default)"},"filename":"D:\\a\\xet-core\\xet-core\\xet_runtime\\src\\utils\\configuration_utils.rs","line_number":53}
{"timestamp":"2026-05-10T12:02:41.714874Z","level":"INFO","fields":{"message":"Config: size_bytes = 0 (default)"},"filename":"D:\\a\\xet-core\\xet-core\\xet_runtime\\src\\utils\\configuration_utils.rs","line_number":53}
{"timestamp":"2026-05-10T12:02:41.714894Z","level":"INFO","fields":{"message":"Config: retry_max_attempts = 5 (default)"},"filename":"D:\\a\\xet-core\\xet-core\\xet_runtime\\src\\utils\\configuration_utils.rs","line_number":53}
{"timestamp":"2026-05-10T12:02:41.714914Z","level":"INFO","fields":{"message":"Config: retry_base_delay = 3s (default)"},"filename":"D:\\a\\xet-core\\xet-core\\xet_runtime\\src\\utils\\configuration_utils.rs","line_number":53}
{"timestamp":"2026-05-10T12:02:41.714933Z","level":"INFO","fields":{"message":"Config: retry_max_duration = 360s (default)"},"filename":"D:\\a\\xet-core\\xet-core\\xet_runtime\\src\\utils\\configuration_utils.rs","line_number":53}
{"timestamp":"2026-05-10T12:02:41.714953Z","level":"INFO","fields":{"message":"Config: idle_connection_timeout = 60s (default)"},"filename":"D:\\a\\xet-core\\xet-core\\xet_runtime\\src\\utils\\configuration_utils.rs","line_number":53}
{"timestamp":"2026-05-10T12:02:41.714968Z","level":"INFO","fields":{"message":"Config: max_idle_connections = 16 (default)"},"filename":"D:\\a\\xet-core\\xet-core\\xet_runtime\\src\\utils\\configuration_utils.rs","line_number":53}
{"timestamp":"2026-05-10T12:02:41.714980Z","level":"INFO","fields":{"message":"Config: connect_timeout = 60s (default)"},"filename":"D:\\a\\xet-core\\xet-core\\xet_runtime\\src\\utils\\configuration_utils.rs","line_number":53}
{"timestamp":"2026-05-10T12:02:41.714993Z","level":"INFO","fields":{"message":"Config: read_timeout = 120s (default)"},"filename":"D:\\a\\xet-core\\xet-core\\xet_runtime\\src\\utils\\configuration_utils.rs","line_number":53}
{"timestamp":"2026-05-10T12:02:41.715013Z","level":"INFO","fields":{"message":"Config: upload_reporting_block_size = 524288 (default)"},"filename":"D:\\a\\xet-core\\xet-core\\xet_runtime\\src\\utils\\configuration_utils.rs","line_number":53}
{"timestamp":"2026-05-10T12:02:41.715026Z","level":"INFO","fields":{"message":"Config: enable_adaptive_concurrency = true (default)"},"filename":"D:\\a\\xet-core\\xet-core\\xet_runtime\\src\\utils\\configuration_utils.rs","line_number":53}
{"timestamp":"2026-05-10T12:02:41.715039Z","level":"INFO","fields":{"message":"Config: ac_min_adjustment_window_ms = 500 (default)"},"filename":"D:\\a\\xet-core\\xet-core\\xet_runtime\\src\\utils\\configuration_utils.rs","line_number":53}
{"timestamp":"2026-05-10T12:02:41.715054Z","level":"INFO","fields":{"message":"Config: ac_min_bytes_required_for_adjustment = 20MB (default)"},"filename":"D:\\a\\xet-core\\xet-core\\xet_runtime\\src\\utils\\configuration_utils.rs","line_number":53}
{"timestamp":"2026-05-10T12:02:41.715068Z","level":"INFO","fields":{"message":"Config: ac_num_transmissions_required_for_adjustment = 1 (default)"},"filename":"D:\\a\\xet-core\\xet-core\\xet_runtime\\src\\utils\\configuration_utils.rs","line_number":53}
{"timestamp":"2026-05-10T12:02:41.715080Z","level":"INFO","fields":{"message":"Config: ac_latency_rtt_half_life = 64.0 (default)"},"filename":"D:\\a\\xet-core\\xet-core\\xet_runtime\\src\\utils\\configuration_utils.rs","line_number":53}
{"timestamp":"2026-05-10T12:02:41.715094Z","level":"INFO","fields":{"message":"Config: ac_success_tracking_half_life = 8.0 (default)"},"filename":"D:\\a\\xet-core\\xet-core\\xet_runtime\\src\\utils\\configuration_utils.rs","line_number":53}
{"timestamp":"2026-05-10T12:02:41.715107Z","level":"INFO","fields":{"message":"Config: ac_target_rtt = 60s (default)"},"filename":"D:\\a\\xet-core\\xet-core\\xet_runtime\\src\\utils\\configuration_utils.rs","line_number":53}
{"timestamp":"2026-05-10T12:02:41.715119Z","level":"INFO","fields":{"message":"Config: ac_max_healthy_rtt = 90s (default)"},"filename":"D:\\a\\xet-core\\xet-core\\xet_runtime\\src\\utils\\configuration_utils.rs","line_number":53}
{"timestamp":"2026-05-10T12:02:41.715131Z","level":"INFO","fields":{"message":"Config: ac_rtt_success_max_quantile = 0.95 (default)"},"filename":"D:\\a\\xet-core\\xet-core\\xet_runtime\\src\\utils\\configuration_utils.rs","line_number":53}
{"timestamp":"2026-05-10T12:02:41.715144Z","level":"INFO","fields":{"message":"Config: ac_healthy_success_ratio_threshold = 0.8 (default)"},"filename":"D:\\a\\xet-core\\xet-core\\xet_runtime\\src\\utils\\configuration_utils.rs","line_number":53}
{"timestamp":"2026-05-10T12:02:41.715157Z","level":"INFO","fields":{"message":"Config: ac_unhealthy_success_ratio_threshold = 0.5 (default)"},"filename":"D:\\a\\xet-core\\xet-core\\xet_runtime\\src\\utils\\configuration_utils.rs","line_number":53}
{"timestamp":"2026-05-10T12:02:41.715170Z","level":"INFO","fields":{"message":"Config: ac_max_reference_transmission_size = 64MB (default)"},"filename":"D:\\a\\xet-core\\xet-core\\xet_runtime\\src\\utils\\configuration_utils.rs","line_number":53}
{"timestamp":"2026-05-10T12:02:41.715183Z","level":"INFO","fields":{"message":"Config: ac_min_reference_transmission_size = 1MB (default)"},"filename":"D:\\a\\xet-core\\xet-core\\xet_runtime\\src\\utils\\configuration_utils.rs","line_number":53}
{"timestamp":"2026-05-10T12:02:41.715196Z","level":"INFO","fields":{"message":"Config: ac_logging_interval_ms = 10000 (default)"},"filename":"D:\\a\\xet-core\\xet-core\\xet_runtime\\src\\utils\\configuration_utils.rs","line_number":53}
{"timestamp":"2026-05-10T12:02:41.715215Z","level":"INFO","fields":{"message":"Config: ac_max_upload_concurrency = 64 (default)"},"filename":"D:\\a\\xet-core\\xet-core\\xet_runtime\\src\\utils\\configuration_utils.rs","line_number":53}
{"timestamp":"2026-05-10T12:02:41.715234Z","level":"INFO","fields":{"message":"Config: ac_min_upload_concurrency = 1 (default)"},"filename":"D:\\a\\xet-core\\xet-core\\xet_runtime\\src\\utils\\configuration_utils.rs","line_number":53}
{"timestamp":"2026-05-10T12:02:41.715253Z","level":"INFO","fields":{"message":"Config: ac_initial_upload_concurrency = 2 (default)"},"filename":"D:\\a\\xet-core\\xet-core\\xet_runtime\\src\\utils\\configuration_utils.rs","line_number":53}
{"timestamp":"2026-05-10T12:02:41.715271Z","level":"INFO","fields":{"message":"Config: ac_max_download_concurrency = 64 (default)"},"filename":"D:\\a\\xet-core\\xet-core\\xet_runtime\\src\\utils\\configuration_utils.rs","line_number":53}
{"timestamp":"2026-05-10T12:02:41.715290Z","level":"INFO","fields":{"message":"Config: ac_min_download_concurrency = 1 (default)"},"filename":"D:\\a\\xet-core\\xet-core\\xet_runtime\\src\\utils\\configuration_utils.rs","line_number":53}
{"timestamp":"2026-05-10T12:02:41.715308Z","level":"INFO","fields":{"message":"Config: ac_initial_download_concurrency = 4 (default)"},"filename":"D:\\a\\xet-core\\xet-core\\xet_runtime\\src\\utils\\configuration_utils.rs","line_number":53}
{"timestamp":"2026-05-10T12:02:41.715321Z","level":"INFO","fields":{"message":"Config: unix_socket_path = None (default)"},"filename":"D:\\a\\xet-core\\xet-core\\xet_runtime\\src\\utils\\configuration_utils.rs","line_number":53}
{"timestamp":"2026-05-10T12:02:41.715333Z","level":"INFO","fields":{"message":"Config: reconstruction_api_version = None (default)"},"filename":"D:\\a\\xet-core\\xet-core\\xet_runtime\\src\\utils\\configuration_utils.rs","line_number":53}
{"timestamp":"2026-05-10T12:02:41.715595Z","level":"INFO","fields":{"message":"Config: enable_multirange_fetching = false (default)"},"filename":"D:\\a\\xet-core\\xet-core\\xet_runtime\\src\\utils\\configuration_utils.rs","line_number":53}
{"timestamp":"2026-05-10T12:02:41.715613Z","level":"INFO","fields":{"message":"Config: dest = None (default)"},"filename":"D:\\a\\xet-core\\xet-core\\xet_runtime\\src\\utils\\configuration_utils.rs","line_number":53}
{"timestamp":"2026-05-10T12:02:41.715625Z","level":"INFO","fields":{"message":"Config: format = None (default)"},"filename":"D:\\a\\xet-core\\xet-core\\xet_runtime\\src\\utils\\configuration_utils.rs","line_number":53}
{"timestamp":"2026-05-10T12:02:41.715638Z","level":"INFO","fields":{"message":"Config: prefix = \"xet\" (default)"},"filename":"D:\\a\\xet-core\\xet-core\\xet_runtime\\src\\utils\\configuration_utils.rs","line_number":53}
{"timestamp":"2026-05-10T12:02:41.715660Z","level":"INFO","fields":{"message":"Config: dir_disable_cleanup = false (default)"},"filename":"D:\\a\\xet-core\\xet-core\\xet_runtime\\src\\utils\\configuration_utils.rs","line_number":53}
{"timestamp":"2026-05-10T12:02:41.715683Z","level":"INFO","fields":{"message":"Config: dir_max_size = 250MB (default)"},"filename":"D:\\a\\xet-core\\xet-core\\xet_runtime\\src\\utils\\configuration_utils.rs","line_number":53}
{"timestamp":"2026-05-10T12:02:41.715705Z","level":"INFO","fields":{"message":"Config: dir_min_deletion_age = 86400s (default)"},"filename":"D:\\a\\xet-core\\xet-core\\xet_runtime\\src\\utils\\configuration_utils.rs","line_number":53}
{"timestamp":"2026-05-10T12:02:41.715727Z","level":"INFO","fields":{"message":"Config: dir_max_retention_age = 1209600s (default)"},"filename":"D:\\a\\xet-core\\xet-core\\xet_runtime\\src\\utils\\configuration_utils.rs","line_number":53}
{"timestamp":"2026-05-10T12:02:41.715749Z","level":"INFO","fields":{"message":"Config: min_reconstruction_fetch_size = 256MB (default)"},"filename":"D:\\a\\xet-core\\xet-core\\xet_runtime\\src\\utils\\configuration_utils.rs","line_number":53}
{"timestamp":"2026-05-10T12:02:41.715770Z","level":"INFO","fields":{"message":"Config: max_reconstruction_fetch_size = 8GB (default)"},"filename":"D:\\a\\xet-core\\xet-core\\xet_runtime\\src\\utils\\configuration_utils.rs","line_number":53}
{"timestamp":"2026-05-10T12:02:41.715792Z","level":"INFO","fields":{"message":"Config: download_buffer_size = 2GB (default)"},"filename":"D:\\a\\xet-core\\xet-core\\xet_runtime\\src\\utils\\configuration_utils.rs","line_number":53}
{"timestamp":"2026-05-10T12:02:41.715815Z","level":"INFO","fields":{"message":"Config: download_buffer_perfile_size = 512MB (default)"},"filename":"D:\\a\\xet-core\\xet-core\\xet_runtime\\src\\utils\\configuration_utils.rs","line_number":53}
{"timestamp":"2026-05-10T12:02:41.715842Z","level":"INFO","fields":{"message":"Config: download_buffer_limit = 8GB (default)"},"filename":"D:\\a\\xet-core\\xet-core\\xet_runtime\\src\\utils\\configuration_utils.rs","line_number":53}
{"timestamp":"2026-05-10T12:02:41.715864Z","level":"INFO","fields":{"message":"Config: completion_rate_estimator_half_life = 4.0 (default)"},"filename":"D:\\a\\xet-core\\xet-core\\xet_runtime\\src\\utils\\configuration_utils.rs","line_number":53}
{"timestamp":"2026-05-10T12:02:41.715885Z","level":"INFO","fields":{"message":"Config: target_block_completion_time = 900s (default)"},"filename":"D:\\a\\xet-core\\xet-core\\xet_runtime\\src\\utils\\configuration_utils.rs","line_number":53}
{"timestamp":"2026-05-10T12:02:41.715906Z","level":"INFO","fields":{"message":"Config: min_prefetch_buffer = 1GB (default)"},"filename":"D:\\a\\xet-core\\xet-core\\xet_runtime\\src\\utils\\configuration_utils.rs","line_number":53}
{"timestamp":"2026-05-10T12:02:41.715927Z","level":"INFO","fields":{"message":"Config: use_vectored_write = true (default)"},"filename":"D:\\a\\xet-core\\xet-core\\xet_runtime\\src\\utils\\configuration_utils.rs","line_number":53}
{"timestamp":"2026-05-10T12:02:41.715957Z","level":"INFO","fields":{"message":"Config: compression_scheme_retest_interval = 32 (default)"},"filename":"D:\\a\\xet-core\\xet-core\\xet_runtime\\src\\utils\\configuration_utils.rs","line_number":53}
{"timestamp":"2026-05-10T12:02:41.716000Z","level":"INFO","fields":{"message":"Config: compression_policy = \"auto\" (default)"},"filename":"D:\\a\\xet-core\\xet-core\\xet_runtime\\src\\utils\\config_enum.rs","line_number":174}
{"timestamp":"2026-05-10T12:02:41.716023Z","level":"INFO","fields":{"message":"Config: simulation_max_bytes = None (default)"},"filename":"D:\\a\\xet-core\\xet-core\\xet_runtime\\src\\utils\\configuration_utils.rs","line_number":53}
{"timestamp":"2026-05-10T12:02:41.716045Z","level":"INFO","fields":{"message":"Config: simulation_max_chunks = None (default)"},"filename":"D:\\a\\xet-core\\xet-core\\xet_runtime\\src\\utils\\configuration_utils.rs","line_number":53}
{"timestamp":"2026-05-10T12:02:41.716065Z","level":"INFO","fields":{"message":"Config: dir_name = \"shard-session\" (default)"},"filename":"D:\\a\\xet-core\\xet-core\\xet_runtime\\src\\utils\\configuration_utils.rs","line_number":53}
{"timestamp":"2026-05-10T12:02:41.716087Z","level":"INFO","fields":{"message":"Config: enabled = false (default)"},"filename":"D:\\a\\xet-core\\xet-core\\xet_runtime\\src\\utils\\configuration_utils.rs","line_number":53}
{"timestamp":"2026-05-10T12:02:41.716107Z","level":"INFO","fields":{"message":"Config: sample_interval = 5s (default)"},"filename":"D:\\a\\xet-core\\xet-core\\xet_runtime\\src\\utils\\configuration_utils.rs","line_number":53}
{"timestamp":"2026-05-10T12:02:41.716128Z","level":"INFO","fields":{"message":"Config: log_path = None (default)"},"filename":"D:\\a\\xet-core\\xet-core\\xet_runtime\\src\\utils\\configuration_utils.rs","line_number":53}
{"timestamp":"2026-05-10T12:02:41.716195Z","level":"INFO","fields":{"message":"Using 8 async threads for tokio runtime"},"filename":"D:\\a\\xet-core\\xet-core\\xet_runtime\\src\\core\\runtime.rs","line_number":70}
{"timestamp":"2026-05-10T12:02:41.723213Z","level":"INFO","fields":{"message":"TranslatorConfig initialized","endpoint":"https://cas-server.xethub.hf.co","session_id":"Some(\"019e11c4-a9b9-74e2-9814-84c55693f0cd\")","shard_cache":"E:\\Interview\\model_cache\\xet\\https___cas_serv-tGqkUaZf_CBPHQ6h\\shard-cache","shard_session":"E:\\Interview\\model_cache\\xet\\https___cas_serv-tGqkUaZf_CBPHQ6h\\staging\\shard-session"},"filename":"D:\\a\\xet-core\\xet-core\\xet_data\\src\\processing\\configurations.rs","line_number":115,"span":{"num_files":1,"name":"data_client::download"},"spans":[{"num_files":1,"name":"data_client::download"}]}
{"timestamp":"2026-05-10T12:02:41.727865Z","level":"INFO","fields":{"message":"HTTP client configured","idle_timeout":"60s","max_idle_connections":16,"custom_headers":"Some({\"user-agent\": \"unknown/None; hf_hub/1.14.0; python/3.10.5; torch/2.11.0; transformers/5.8.0; session_id/132c2b205f5746a697aac12657c98910; file_type/model; framework/pytorch; from_auto_class/False; hf_xet/1.5.0\"})"},"filename":"D:\\a\\xet-core\\xet-core\\xet_client\\src\\common\\http_client.rs","line_number":187,"span":{"num_files":1,"session_id":"019e11c4-a9b9-74e2-9814-84c55693f0cd","name":"data_client::download"},"spans":[{"num_files":1,"session_id":"019e11c4-a9b9-74e2-9814-84c55693f0cd","name":"data_client::download"}]}
{"timestamp":"2026-05-10T12:02:41.728538Z","level":"INFO","fields":{"message":"CAS auth disabled","caller":"D:\\a\\xet-core\\xet-core\\xet_client\\src\\common\\http_client.rs:166"},"filename":"D:\\a\\xet-core\\xet-core\\xet_runtime\\src\\error_printer\\mod.rs","line_number":198,"span":{"num_files":1,"session_id":"019e11c4-a9b9-74e2-9814-84c55693f0cd","name":"data_client::download"},"spans":[{"num_files":1,"session_id":"019e11c4-a9b9-74e2-9814-84c55693f0cd","name":"data_client::download"}]}
{"timestamp":"2026-05-10T12:02:41.728601Z","level":"INFO","fields":{"message":"HTTP client configured","idle_timeout":"60s","max_idle_connections":16,"custom_headers":"Some({\"user-agent\": \"unknown/None; hf_hub/1.14.0; python/3.10.5; torch/2.11.0; transformers/5.8.0; session_id/132c2b205f5746a697aac12657c98910; file_type/model; framework/pytorch; from_auto_class/False; hf_xet/1.5.0\"})"},"filename":"D:\\a\\xet-core\\xet-core\\xet_client\\src\\common\\http_client.rs","line_number":187,"span":{"num_files":1,"session_id":"019e11c4-a9b9-74e2-9814-84c55693f0cd","name":"data_client::download"},"spans":[{"num_files":1,"session_id":"019e11c4-a9b9-74e2-9814-84c55693f0cd","name":"data_client::download"}]}
{"timestamp":"2026-05-10T12:02:41.728758Z","level":"INFO","fields":{"message":"No-read-timeout HTTP client configured (for shard uploads)","connect_timeout":"60s"},"filename":"D:\\a\\xet-core\\xet-core\\xet_client\\src\\common\\http_client.rs","line_number":136,"span":{"num_files":1,"session_id":"019e11c4-a9b9-74e2-9814-84c55693f0cd","name":"data_client::download"},"spans":[{"num_files":1,"session_id":"019e11c4-a9b9-74e2-9814-84c55693f0cd","name":"data_client::download"}]}
{"timestamp":"2026-05-10T12:02:41.728789Z","level":"INFO","fields":{"message":"Initializing Adaptive Concurrency Controller for upload with starting concurrency = 2; min = 1, max = 64, min_bytes_for_adjustment = 20000000, min_completed_transmissions_for_adjustment = 1"},"filename":"D:\\a\\xet-core\\xet-core\\xet_client\\src\\cas_client\\adaptive_concurrency\\controller.rs","line_number":301,"span":{"num_files":1,"session_id":"019e11c4-a9b9-74e2-9814-84c55693f0cd","name":"data_client::download"},"spans":[{"num_files":1,"session_id":"019e11c4-a9b9-74e2-9814-84c55693f0cd","name":"data_client::download"}]}
{"timestamp":"2026-05-10T12:02:41.728830Z","level":"INFO","fields":{"message":"Initializing Adaptive Concurrency Controller for download with starting concurrency = 4; min = 1, max = 64, min_bytes_for_adjustment = 20000000, min_completed_transmissions_for_adjustment = 1"},"filename":"D:\\a\\xet-core\\xet-core\\xet_client\\src\\cas_client\\adaptive_concurrency\\controller.rs","line_number":301,"span":{"num_files":1,"session_id":"019e11c4-a9b9-74e2-9814-84c55693f0cd","name":"data_client::download"},"spans":[{"num_files":1,"session_id":"019e11c4-a9b9-74e2-9814-84c55693f0cd","name":"data_client::download"}]}
{"timestamp":"2026-05-10T12:02:41.729646Z","level":"INFO","fields":{"message":"Reconstructing file to disk","file_hash":"a1d16c1631adf856cffc5a35fa5440254361183fb0f9883f24f4a019818e9102","byte_range":"None","path":"E:\\Interview\\model_cache\\models--linkanjarad--mobilenet_v2_1.0_224-plant-disease-identification\\blobs\\19fc22d6533c797c4a190a9f1cbbb2297ae62087d9958f2df65b0d9da4e4c917.incomplete","write_offset":"None"},"filename":"D:\\a\\xet-core\\xet-core\\xet_data\\src\\file_reconstruction\\file_reconstructor.rs","line_number":121}
{"timestamp":"2026-05-10T12:02:41.731566Z","level":"INFO","fields":{"message":"Scheduling prefetch block","file_hash":"a1d16c1631adf856cffc5a35fa5440254361183fb0f9883f24f4a019818e9102","prefetch_range":"(0, 256000000)","requested_block_size":256000000,"actual_block_size":256000000,"queue_depth":1},"filename":"D:\\a\\xet-core\\xet-core\\xet_data\\src\\file_reconstruction\\reconstruction_terms\\manager.rs","line_number":272}
{"timestamp":"2026-05-10T12:02:41.732167Z","level":"INFO","fields":{"message":"Scheduling prefetch block","file_hash":"a1d16c1631adf856cffc5a35fa5440254361183fb0f9883f24f4a019818e9102","prefetch_range":"(256000000, 768000000)","requested_block_size":512000000,"actual_block_size":512000000,"queue_depth":2},"filename":"D:\\a\\xet-core\\xet-core\\xet_data\\src\\file_reconstruction\\reconstruction_terms\\manager.rs","line_number":272}
{"timestamp":"2026-05-10T12:02:41.732219Z","level":"INFO","fields":{"message":"Scheduling prefetch block","file_hash":"a1d16c1631adf856cffc5a35fa5440254361183fb0f9883f24f4a019818e9102","prefetch_range":"(768000000, 1024000000)","requested_block_size":256000000,"actual_block_size":256000000,"queue_depth":3},"filename":"D:\\a\\xet-core\\xet-core\\xet_data\\src\\file_reconstruction\\reconstruction_terms\\manager.rs","line_number":272}
{"timestamp":"2026-05-10T12:02:41.733735Z","level":"INFO","fields":{"message":"Starting get_reconstruction API call","call_id":3,"file_id":"a1d16c1631adf856cffc5a35fa5440254361183fb0f9883f24f4a019818e9102","bytes_range":"Some(Range { start: 0, end: 256000000 })","api_version":"v2"},"filename":"D:\\a\\xet-core\\xet-core\\xet_client\\src\\cas_client\\remote_client.rs","line_number":208}
{"timestamp":"2026-05-10T12:02:41.733737Z","level":"INFO","fields":{"message":"Starting get_reconstruction API call","call_id":1,"file_id":"a1d16c1631adf856cffc5a35fa5440254361183fb0f9883f24f4a019818e9102","bytes_range":"Some(Range { start: 768000000, end: 1024000000 })","api_version":"v2"},"filename":"D:\\a\\xet-core\\xet-core\\xet_client\\src\\cas_client\\remote_client.rs","line_number":208}
{"timestamp":"2026-05-10T12:02:41.733778Z","level":"INFO","fields":{"message":"Retry strategy","max_attempts":5,"base_delay":"3s","no_retry_on_429":false},"filename":"D:\\a\\xet-core\\xet-core\\xet_client\\src\\cas_client\\retry_wrapper.rs","line_number":235}
{"timestamp":"2026-05-10T12:02:41.733778Z","level":"INFO","fields":{"message":"Retry strategy","max_attempts":5,"base_delay":"3s","no_retry_on_429":false},"filename":"D:\\a\\xet-core\\xet-core\\xet_client\\src\\cas_client\\retry_wrapper.rs","line_number":235}
{"timestamp":"2026-05-10T12:02:41.733780Z","level":"INFO","fields":{"message":"Starting get_reconstruction API call","call_id":2,"file_id":"a1d16c1631adf856cffc5a35fa5440254361183fb0f9883f24f4a019818e9102","bytes_range":"Some(Range { start: 256000000, end: 768000000 })","api_version":"v2"},"filename":"D:\\a\\xet-core\\xet-core\\xet_client\\src\\cas_client\\remote_client.rs","line_number":208}
{"timestamp":"2026-05-10T12:02:41.733854Z","level":"INFO","fields":{"message":"Retry strategy","max_attempts":5,"base_delay":"3s","no_retry_on_429":false},"filename":"D:\\a\\xet-core\\xet-core\\xet_client\\src\\cas_client\\retry_wrapper.rs","line_number":235}
{"timestamp":"2026-05-10T12:02:43.657126Z","level":"INFO","fields":{"message":"Received CAS response","request_id":"01KR8W9C5B51V0EECAKR2HE4KE","status_code":416},"filename":"D:\\a\\xet-core\\xet-core\\xet_client\\src\\common\\http_client.rs","line_number":288}
{"timestamp":"2026-05-10T12:02:43.657647Z","level":"INFO","fields":{"message":"Reached end of reconstruction 416 (Range Not Satisfiable): \"cas::get_reconstruction_v2\" api call failed (request id 01KR8W9C5B51V0EECAKR2HE4KE): HTTP status client error (416 Range Not Satisfiable) for url (https://cas-server.xethub.hf.co/v2/reconstructions/a1d16c1631adf856cffc5a35fa5440254361183fb0f9883f24f4a019818e9102)"},"filename":"D:\\a\\xet-core\\xet-core\\xet_client\\src\\cas_client\\retry_wrapper.rs","line_number":151}
{"timestamp":"2026-05-10T12:02:43.657949Z","level":"INFO","fields":{"message":"Received CAS response","request_id":"01KR8W9C5E9609W92HRW0360E6","status_code":416},"filename":"D:\\a\\xet-core\\xet-core\\xet_client\\src\\common\\http_client.rs","line_number":288}
{"timestamp":"2026-05-10T12:02:43.658001Z","level":"INFO","fields":{"message":"Reached end of reconstruction 416 (Range Not Satisfiable): \"cas::get_reconstruction_v2\" api call failed (request id 01KR8W9C5E9609W92HRW0360E6): HTTP status client error (416 Range Not Satisfiable) for url (https://cas-server.xethub.hf.co/v2/reconstructions/a1d16c1631adf856cffc5a35fa5440254361183fb0f9883f24f4a019818e9102)"},"filename":"D:\\a\\xet-core\\xet-core\\xet_client\\src\\cas_client\\retry_wrapper.rs","line_number":151}
{"timestamp":"2026-05-10T12:02:44.272432Z","level":"INFO","fields":{"message":"Received CAS response","request_id":"01KR8W9C5G2A53P0ZHS8VMT9T8","status_code":200},"filename":"D:\\a\\xet-core\\xet-core\\xet_client\\src\\common\\http_client.rs","line_number":288}
{"timestamp":"2026-05-10T12:02:44.272488Z","level":"INFO","fields":{"message":"Request Success: cas::get_reconstruction_v2 api call succeeded (request id 01KR8W9C5G2A53P0ZHS8VMT9T8)."},"filename":"D:\\a\\xet-core\\xet-core\\xet_client\\src\\cas_client\\retry_wrapper.rs","line_number":196}
{"timestamp":"2026-05-10T12:02:44.273853Z","level":"INFO","fields":{"message":"Completed get_reconstruction API call","call_id":3,"file_id":"a1d16c1631adf856cffc5a35fa5440254361183fb0f9883f24f4a019818e9102","bytes_range":"Some(Range { start: 0, end: 256000000 })","api_version":"v2"},"filename":"D:\\a\\xet-core\\xet-core\\xet_client\\src\\cas_client\\remote_client.rs","line_number":232}
{"timestamp":"2026-05-10T12:02:44.274724Z","level":"INFO","fields":{"message":"Received block of file terms from prefetch queue","file_hash":"a1d16c1631adf856cffc5a35fa5440254361183fb0f9883f24f4a019818e9102","domain":"transfer.xethub.hf.co","block_start":0,"block_end":9335093,"block_size":36},"filename":"D:\\a\\xet-core\\xet-core\\xet_data\\src\\file_reconstruction\\reconstruction_terms\\manager.rs","line_number":151}
{"timestamp":"2026-05-10T12:02:44.274931Z","level":"INFO","fields":{"message":"Updated completion rate estimate based on previous block completion time (seconds).","file_hash":"a1d16c1631adf856cffc5a35fa5440254361183fb0f9883f24f4a019818e9102","block_start":0,"block_end":9335093,"block_size":9335093,"completion_time":0.0002072},"filename":"D:\\a\\xet-core\\xet-core\\xet_data\\src\\file_reconstruction\\reconstruction_terms\\manager.rs","line_number":104}
{"timestamp":"2026-05-10T12:02:44.274965Z","level":"INFO","fields":{"message":"Completed prefetch queue; end of file reached.","file_hash":"a1d16c1631adf856cffc5a35fa5440254361183fb0f9883f24f4a019818e9102","prefetched_byte_position":1024000000},"filename":"D:\\a\\xet-core\\xet-core\\xet_data\\src\\file_reconstruction\\reconstruction_terms\\manager.rs","line_number":178}
{"timestamp":"2026-05-10T12:02:44.274978Z","level":"INFO","fields":{"message":"All term blocks received and scheduled for writing","file_hash":"a1d16c1631adf856cffc5a35fa5440254361183fb0f9883f24f4a019818e9102","block_count":1,"total_terms_processed":36,"total_bytes_scheduled":9335093},"filename":"D:\\a\\xet-core\\xet-core\\xet_data\\src\\file_reconstruction\\run_state.rs","line_number":150}
{"timestamp":"2026-05-10T12:02:44.275673Z","level":"INFO","fields":{"message":"Retry strategy","max_attempts":5,"base_delay":"3s","no_retry_on_429":false},"filename":"D:\\a\\xet-core\\xet-core\\xet_client\\src\\cas_client\\retry_wrapper.rs","line_number":235}
{"timestamp":"2026-05-10T12:02:44.276078Z","level":"INFO","fields":{"message":"Retry strategy","max_attempts":5,"base_delay":"3s","no_retry_on_429":false},"filename":"D:\\a\\xet-core\\xet-core\\xet_client\\src\\cas_client\\retry_wrapper.rs","line_number":235}
{"timestamp":"2026-05-10T12:02:44.276328Z","level":"INFO","fields":{"message":"Retry strategy","max_attempts":5,"base_delay":"3s","no_retry_on_429":false},"filename":"D:\\a\\xet-core\\xet-core\\xet_client\\src\\cas_client\\retry_wrapper.rs","line_number":235}
{"timestamp":"2026-05-10T12:02:44.276572Z","level":"INFO","fields":{"message":"Retry strategy","max_attempts":5,"base_delay":"3s","no_retry_on_429":false},"filename":"D:\\a\\xet-core\\xet-core\\xet_client\\src\\cas_client\\retry_wrapper.rs","line_number":235}
{"timestamp":"2026-05-10T12:02:44.898252Z","level":"INFO","fields":{"message":"Received CAS response","request_id":"","status_code":206},"filename":"D:\\a\\xet-core\\xet-core\\xet_client\\src\\common\\http_client.rs","line_number":288}
{"timestamp":"2026-05-10T12:02:44.898326Z","level":"INFO","fields":{"message":"Request Success: s3::get_range api call succeeded (request id )."},"filename":"D:\\a\\xet-core\\xet-core\\xet_client\\src\\cas_client\\retry_wrapper.rs","line_number":196}
{"timestamp":"2026-05-10T12:02:45.096891Z","level":"INFO","fields":{"message":"Received CAS response","request_id":"","status_code":206},"filename":"D:\\a\\xet-core\\xet-core\\xet_client\\src\\common\\http_client.rs","line_number":288}
{"timestamp":"2026-05-10T12:02:45.096920Z","level":"INFO","fields":{"message":"Received CAS response","request_id":"","status_code":206},"filename":"D:\\a\\xet-core\\xet-core\\xet_client\\src\\common\\http_client.rs","line_number":288}
{"timestamp":"2026-05-10T12:02:45.096945Z","level":"INFO","fields":{"message":"Request Success: s3::get_range api call succeeded (request id )."},"filename":"D:\\a\\xet-core\\xet-core\\xet_client\\src\\cas_client\\retry_wrapper.rs","line_number":196}
{"timestamp":"2026-05-10T12:02:45.096945Z","level":"INFO","fields":{"message":"Request Success: s3::get_range api call succeeded (request id )."},"filename":"D:\\a\\xet-core\\xet-core\\xet_client\\src\\cas_client\\retry_wrapper.rs","line_number":196}
{"timestamp":"2026-05-10T12:02:45.105280Z","level":"INFO","fields":{"message":"Retry strategy","max_attempts":5,"base_delay":"3s","no_retry_on_429":false},"filename":"D:\\a\\xet-core\\xet-core\\xet_client\\src\\cas_client\\retry_wrapper.rs","line_number":235}
{"timestamp":"2026-05-10T12:02:45.106324Z","level":"INFO","fields":{"message":"Retry strategy","max_attempts":5,"base_delay":"3s","no_retry_on_429":false},"filename":"D:\\a\\xet-core\\xet-core\\xet_client\\src\\cas_client\\retry_wrapper.rs","line_number":235}
{"timestamp":"2026-05-10T12:02:45.106569Z","level":"INFO","fields":{"message":"Received CAS response","request_id":"","status_code":206},"filename":"D:\\a\\xet-core\\xet-core\\xet_client\\src\\common\\http_client.rs","line_number":288}
{"timestamp":"2026-05-10T12:02:45.106606Z","level":"INFO","fields":{"message":"Request Success: s3::get_range api call succeeded (request id )."},"filename":"D:\\a\\xet-core\\xet-core\\xet_client\\src\\cas_client\\retry_wrapper.rs","line_number":196}
{"timestamp":"2026-05-10T12:02:45.181684Z","level":"INFO","fields":{"message":"Retry strategy","max_attempts":5,"base_delay":"3s","no_retry_on_429":false},"filename":"D:\\a\\xet-core\\xet-core\\xet_client\\src\\cas_client\\retry_wrapper.rs","line_number":235}
{"timestamp":"2026-05-10T12:02:45.270468Z","level":"INFO","fields":{"message":"Received CAS response","request_id":"","status_code":206},"filename":"D:\\a\\xet-core\\xet-core\\xet_client\\src\\common\\http_client.rs","line_number":288}
{"timestamp":"2026-05-10T12:02:45.270495Z","level":"INFO","fields":{"message":"Request Success: s3::get_range api call succeeded (request id )."},"filename":"D:\\a\\xet-core\\xet-core\\xet_client\\src\\cas_client\\retry_wrapper.rs","line_number":196}
{"timestamp":"2026-05-10T12:02:45.270488Z","level":"INFO","fields":{"message":"Received CAS response","request_id":"","status_code":206},"filename":"D:\\a\\xet-core\\xet-core\\xet_client\\src\\common\\http_client.rs","line_number":288}
{"timestamp":"2026-05-10T12:02:45.270508Z","level":"INFO","fields":{"message":"Request Success: s3::get_range api call succeeded (request id )."},"filename":"D:\\a\\xet-core\\xet-core\\xet_client\\src\\cas_client\\retry_wrapper.rs","line_number":196}
{"timestamp":"2026-05-10T12:02:45.270650Z","level":"INFO","fields":{"message":"Retry strategy","max_attempts":5,"base_delay":"3s","no_retry_on_429":false},"filename":"D:\\a\\xet-core\\xet-core\\xet_client\\src\\cas_client\\retry_wrapper.rs","line_number":235}
{"timestamp":"2026-05-10T12:02:45.292293Z","level":"INFO","fields":{"message":"Received CAS response","request_id":"","status_code":206},"filename":"D:\\a\\xet-core\\xet-core\\xet_client\\src\\common\\http_client.rs","line_number":288}
{"timestamp":"2026-05-10T12:02:45.292328Z","level":"INFO","fields":{"message":"Request Success: s3::get_range api call succeeded (request id )."},"filename":"D:\\a\\xet-core\\xet-core\\xet_client\\src\\cas_client\\retry_wrapper.rs","line_number":196}
{"timestamp":"2026-05-10T12:02:45.314055Z","level":"INFO","fields":{"message":"Retry strategy","max_attempts":5,"base_delay":"3s","no_retry_on_429":false},"filename":"D:\\a\\xet-core\\xet-core\\xet_client\\src\\cas_client\\retry_wrapper.rs","line_number":235}
{"timestamp":"2026-05-10T12:02:45.342800Z","level":"INFO","fields":{"message":"Retry strategy","max_attempts":5,"base_delay":"3s","no_retry_on_429":false},"filename":"D:\\a\\xet-core\\xet-core\\xet_client\\src\\cas_client\\retry_wrapper.rs","line_number":235}
{"timestamp":"2026-05-10T12:02:45.370867Z","level":"INFO","fields":{"message":"Retry strategy","max_attempts":5,"base_delay":"3s","no_retry_on_429":false},"filename":"D:\\a\\xet-core\\xet-core\\xet_client\\src\\cas_client\\retry_wrapper.rs","line_number":235}
{"timestamp":"2026-05-10T12:02:45.372505Z","level":"INFO","fields":{"message":"Received CAS response","request_id":"","status_code":206},"filename":"D:\\a\\xet-core\\xet-core\\xet_client\\src\\common\\http_client.rs","line_number":288}
{"timestamp":"2026-05-10T12:02:45.372545Z","level":"INFO","fields":{"message":"Request Success: s3::get_range api call succeeded (request id )."},"filename":"D:\\a\\xet-core\\xet-core\\xet_client\\src\\cas_client\\retry_wrapper.rs","line_number":196}
{"timestamp":"2026-05-10T12:02:45.390872Z","level":"INFO","fields":{"message":"Retry strategy","max_attempts":5,"base_delay":"3s","no_retry_on_429":false},"filename":"D:\\a\\xet-core\\xet-core\\xet_client\\src\\cas_client\\retry_wrapper.rs","line_number":235}
{"timestamp":"2026-05-10T12:02:45.637194Z","level":"INFO","fields":{"message":"Received CAS response","request_id":"","status_code":206},"filename":"D:\\a\\xet-core\\xet-core\\xet_client\\src\\common\\http_client.rs","line_number":288}
{"timestamp":"2026-05-10T12:02:45.637236Z","level":"INFO","fields":{"message":"Request Success: s3::get_range api call succeeded (request id )."},"filename":"D:\\a\\xet-core\\xet-core\\xet_client\\src\\cas_client\\retry_wrapper.rs","line_number":196}
{"timestamp":"2026-05-10T12:02:45.642846Z","level":"INFO","fields":{"message":"Received CAS response","request_id":"","status_code":206},"filename":"D:\\a\\xet-core\\xet-core\\xet_client\\src\\common\\http_client.rs","line_number":288}
{"timestamp":"2026-05-10T12:02:45.642889Z","level":"INFO","fields":{"message":"Request Success: s3::get_range api call succeeded (request id )."},"filename":"D:\\a\\xet-core\\xet-core\\xet_client\\src\\cas_client\\retry_wrapper.rs","line_number":196}
{"timestamp":"2026-05-10T12:02:45.657089Z","level":"INFO","fields":{"message":"Received CAS response","request_id":"","status_code":206},"filename":"D:\\a\\xet-core\\xet-core\\xet_client\\src\\common\\http_client.rs","line_number":288}
{"timestamp":"2026-05-10T12:02:45.657117Z","level":"INFO","fields":{"message":"Request Success: s3::get_range api call succeeded (request id )."},"filename":"D:\\a\\xet-core\\xet-core\\xet_client\\src\\cas_client\\retry_wrapper.rs","line_number":196}
{"timestamp":"2026-05-10T12:02:45.657550Z","level":"INFO","fields":{"message":"Retry strategy","max_attempts":5,"base_delay":"3s","no_retry_on_429":false},"filename":"D:\\a\\xet-core\\xet-core\\xet_client\\src\\cas_client\\retry_wrapper.rs","line_number":235}
{"timestamp":"2026-05-10T12:02:45.659479Z","level":"INFO","fields":{"message":"Received CAS response","request_id":"","status_code":206},"filename":"D:\\a\\xet-core\\xet-core\\xet_client\\src\\common\\http_client.rs","line_number":288}
{"timestamp":"2026-05-10T12:02:45.659505Z","level":"INFO","fields":{"message":"Request Success: s3::get_range api call succeeded (request id )."},"filename":"D:\\a\\xet-core\\xet-core\\xet_client\\src\\cas_client\\retry_wrapper.rs","line_number":196}
{"timestamp":"2026-05-10T12:02:45.706688Z","level":"INFO","fields":{"message":"Retry strategy","max_attempts":5,"base_delay":"3s","no_retry_on_429":false},"filename":"D:\\a\\xet-core\\xet-core\\xet_client\\src\\cas_client\\retry_wrapper.rs","line_number":235}
{"timestamp":"2026-05-10T12:02:45.868603Z","level":"INFO","fields":{"message":"Received CAS response","request_id":"","status_code":206},"filename":"D:\\a\\xet-core\\xet-core\\xet_client\\src\\common\\http_client.rs","line_number":288}
{"timestamp":"2026-05-10T12:02:45.868653Z","level":"INFO","fields":{"message":"Request Success: s3::get_range api call succeeded (request id )."},"filename":"D:\\a\\xet-core\\xet-core\\xet_client\\src\\cas_client\\retry_wrapper.rs","line_number":196}
{"timestamp":"2026-05-10T12:02:45.989945Z","level":"INFO","fields":{"message":"Received CAS response","request_id":"","status_code":206},"filename":"D:\\a\\xet-core\\xet-core\\xet_client\\src\\common\\http_client.rs","line_number":288}
{"timestamp":"2026-05-10T12:02:45.989969Z","level":"INFO","fields":{"message":"Request Success: s3::get_range api call succeeded (request id )."},"filename":"D:\\a\\xet-core\\xet-core\\xet_client\\src\\cas_client\\retry_wrapper.rs","line_number":196}
{"timestamp":"2026-05-10T12:02:45.996928Z","level":"INFO","fields":{"message":"Retry strategy","max_attempts":5,"base_delay":"3s","no_retry_on_429":false},"filename":"D:\\a\\xet-core\\xet-core\\xet_client\\src\\cas_client\\retry_wrapper.rs","line_number":235}
{"timestamp":"2026-05-10T12:02:46.006678Z","level":"INFO","fields":{"message":"Retry strategy","max_attempts":5,"base_delay":"3s","no_retry_on_429":false},"filename":"D:\\a\\xet-core\\xet-core\\xet_client\\src\\cas_client\\retry_wrapper.rs","line_number":235}
{"timestamp":"2026-05-10T12:02:46.114962Z","level":"INFO","fields":{"message":"Received CAS response","request_id":"","status_code":206},"filename":"D:\\a\\xet-core\\xet-core\\xet_client\\src\\common\\http_client.rs","line_number":288}
{"timestamp":"2026-05-10T12:02:46.115004Z","level":"INFO","fields":{"message":"Request Success: s3::get_range api call succeeded (request id )."},"filename":"D:\\a\\xet-core\\xet-core\\xet_client\\src\\cas_client\\retry_wrapper.rs","line_number":196}
{"timestamp":"2026-05-10T12:02:46.115286Z","level":"INFO","fields":{"message":"Received CAS response","request_id":"","status_code":206},"filename":"D:\\a\\xet-core\\xet-core\\xet_client\\src\\common\\http_client.rs","line_number":288}
{"timestamp":"2026-05-10T12:02:46.115325Z","level":"INFO","fields":{"message":"Request Success: s3::get_range api call succeeded (request id )."},"filename":"D:\\a\\xet-core\\xet-core\\xet_client\\src\\cas_client\\retry_wrapper.rs","line_number":196}
{"timestamp":"2026-05-10T12:02:46.161685Z","level":"INFO","fields":{"message":"Retry strategy","max_attempts":5,"base_delay":"3s","no_retry_on_429":false},"filename":"D:\\a\\xet-core\\xet-core\\xet_client\\src\\cas_client\\retry_wrapper.rs","line_number":235}
{"timestamp":"2026-05-10T12:02:46.188021Z","level":"INFO","fields":{"message":"Retry strategy","max_attempts":5,"base_delay":"3s","no_retry_on_429":false},"filename":"D:\\a\\xet-core\\xet-core\\xet_client\\src\\cas_client\\retry_wrapper.rs","line_number":235}
{"timestamp":"2026-05-10T12:02:46.218874Z","level":"INFO","fields":{"message":"Received CAS response","request_id":"","status_code":206},"filename":"D:\\a\\xet-core\\xet-core\\xet_client\\src\\common\\http_client.rs","line_number":288}
{"timestamp":"2026-05-10T12:02:46.218916Z","level":"INFO","fields":{"message":"Request Success: s3::get_range api call succeeded (request id )."},"filename":"D:\\a\\xet-core\\xet-core\\xet_client\\src\\cas_client\\retry_wrapper.rs","line_number":196}
{"timestamp":"2026-05-10T12:02:46.442020Z","level":"INFO","fields":{"message":"Retry strategy","max_attempts":5,"base_delay":"3s","no_retry_on_429":false},"filename":"D:\\a\\xet-core\\xet-core\\xet_client\\src\\cas_client\\retry_wrapper.rs","line_number":235}
{"timestamp":"2026-05-10T12:02:46.469967Z","level":"INFO","fields":{"message":"Received CAS response","request_id":"","status_code":206},"filename":"D:\\a\\xet-core\\xet-core\\xet_client\\src\\common\\http_client.rs","line_number":288}
{"timestamp":"2026-05-10T12:02:46.469999Z","level":"INFO","fields":{"message":"Request Success: s3::get_range api call succeeded (request id )."},"filename":"D:\\a\\xet-core\\xet-core\\xet_client\\src\\cas_client\\retry_wrapper.rs","line_number":196}
{"timestamp":"2026-05-10T12:02:46.527734Z","level":"INFO","fields":{"message":"Received CAS response","request_id":"","status_code":206},"filename":"D:\\a\\xet-core\\xet-core\\xet_client\\src\\common\\http_client.rs","line_number":288}
{"timestamp":"2026-05-10T12:02:46.527756Z","level":"INFO","fields":{"message":"Request Success: s3::get_range api call succeeded (request id )."},"filename":"D:\\a\\xet-core\\xet-core\\xet_client\\src\\cas_client\\retry_wrapper.rs","line_number":196}
{"timestamp":"2026-05-10T12:02:46.542776Z","level":"INFO","fields":{"message":"File reconstruction completed successfully","file_hash":"a1d16c1631adf856cffc5a35fa5440254361183fb0f9883f24f4a019818e9102","block_count":1,"total_terms_processed":36,"total_bytes_scheduled":9335093},"filename":"D:\\a\\xet-core\\xet-core\\xet_data\\src\\file_reconstruction\\run_state.rs","line_number":150}
{"timestamp":"2026-05-10T12:02:48.726829Z","level":"INFO","fields":{"message":"TranslatorConfig initialized","endpoint":"https://cas-server.xethub.hf.co","session_id":"Some(\"019e11c4-c516-7fa0-92ee-99eb5ea8d10b\")","shard_cache":"E:\\Interview\\model_cache\\xet\\https___cas_serv-tGqkUaZf_CBPHQ6h\\shard-cache","shard_session":"E:\\Interview\\model_cache\\xet\\https___cas_serv-tGqkUaZf_CBPHQ6h\\staging\\shard-session"},"filename":"D:\\a\\xet-core\\xet-core\\xet_data\\src\\processing\\configurations.rs","line_number":115,"span":{"num_files":1,"name":"data_client::download"},"spans":[{"num_files":1,"name":"data_client::download"}]}
{"timestamp":"2026-05-10T12:02:48.726920Z","level":"INFO","fields":{"message":"HTTP client configured","idle_timeout":"60s","max_idle_connections":16,"custom_headers":"Some({\"user-agent\": \"unknown/None; hf_hub/1.14.0; python/3.10.5; torch/2.11.0; transformers/5.8.0; session_id/132c2b205f5746a697aac12657c98910; file_type/model; framework/pytorch; from_auto_class/False; hf_xet/1.5.0\"})"},"filename":"D:\\a\\xet-core\\xet-core\\xet_client\\src\\common\\http_client.rs","line_number":187,"span":{"num_files":1,"session_id":"019e11c4-c516-7fa0-92ee-99eb5ea8d10b","name":"data_client::download"},"spans":[{"num_files":1,"session_id":"019e11c4-c516-7fa0-92ee-99eb5ea8d10b","name":"data_client::download"}]}
{"timestamp":"2026-05-10T12:02:48.726964Z","level":"INFO","fields":{"message":"CAS auth disabled","caller":"D:\\a\\xet-core\\xet-core\\xet_client\\src\\common\\http_client.rs:166"},"filename":"D:\\a\\xet-core\\xet-core\\xet_runtime\\src\\error_printer\\mod.rs","line_number":198,"span":{"num_files":1,"session_id":"019e11c4-c516-7fa0-92ee-99eb5ea8d10b","name":"data_client::download"},"spans":[{"num_files":1,"session_id":"019e11c4-c516-7fa0-92ee-99eb5ea8d10b","name":"data_client::download"}]}
{"timestamp":"2026-05-10T12:02:48.726993Z","level":"INFO","fields":{"message":"HTTP client configured","idle_timeout":"60s","max_idle_connections":16,"custom_headers":"Some({\"user-agent\": \"unknown/None; hf_hub/1.14.0; python/3.10.5; torch/2.11.0; transformers/5.8.0; session_id/132c2b205f5746a697aac12657c98910; file_type/model; framework/pytorch; from_auto_class/False; hf_xet/1.5.0\"})"},"filename":"D:\\a\\xet-core\\xet-core\\xet_client\\src\\common\\http_client.rs","line_number":187,"span":{"num_files":1,"session_id":"019e11c4-c516-7fa0-92ee-99eb5ea8d10b","name":"data_client::download"},"spans":[{"num_files":1,"session_id":"019e11c4-c516-7fa0-92ee-99eb5ea8d10b","name":"data_client::download"}]}
{"timestamp":"2026-05-10T12:02:48.727164Z","level":"INFO","fields":{"message":"No-read-timeout HTTP client configured (for shard uploads)","connect_timeout":"60s"},"filename":"D:\\a\\xet-core\\xet-core\\xet_client\\src\\common\\http_client.rs","line_number":136,"span":{"num_files":1,"session_id":"019e11c4-c516-7fa0-92ee-99eb5ea8d10b","name":"data_client::download"},"spans":[{"num_files":1,"session_id":"019e11c4-c516-7fa0-92ee-99eb5ea8d10b","name":"data_client::download"}]}
{"timestamp":"2026-05-10T12:02:48.727193Z","level":"INFO","fields":{"message":"Initializing Adaptive Concurrency Controller for upload with starting concurrency = 2; min = 1, max = 64, min_bytes_for_adjustment = 20000000, min_completed_transmissions_for_adjustment = 1"},"filename":"D:\\a\\xet-core\\xet-core\\xet_client\\src\\cas_client\\adaptive_concurrency\\controller.rs","line_number":301,"span":{"num_files":1,"session_id":"019e11c4-c516-7fa0-92ee-99eb5ea8d10b","name":"data_client::download"},"spans":[{"num_files":1,"session_id":"019e11c4-c516-7fa0-92ee-99eb5ea8d10b","name":"data_client::download"}]}
{"timestamp":"2026-05-10T12:02:48.727222Z","level":"INFO","fields":{"message":"Initializing Adaptive Concurrency Controller for download with starting concurrency = 4; min = 1, max = 64, min_bytes_for_adjustment = 20000000, min_completed_transmissions_for_adjustment = 1"},"filename":"D:\\a\\xet-core\\xet-core\\xet_client\\src\\cas_client\\adaptive_concurrency\\controller.rs","line_number":301,"span":{"num_files":1,"session_id":"019e11c4-c516-7fa0-92ee-99eb5ea8d10b","name":"data_client::download"},"spans":[{"num_files":1,"session_id":"019e11c4-c516-7fa0-92ee-99eb5ea8d10b","name":"data_client::download"}]}
{"timestamp":"2026-05-10T12:02:48.727296Z","level":"INFO","fields":{"message":"Reconstructing file to disk","file_hash":"5d91d13595b92ea0b23e54cc95ea0f068361efa2e343fe8b4e11f5feff0f0632","byte_range":"None","path":"E:\\Interview\\model_cache\\models--linkanjarad--mobilenet_v2_1.0_224-plant-disease-identification\\blobs\\5c692c84f00e1764ecf08a723fc0900f0ea82693255a7508d913bbd9593be4b0.incomplete","write_offset":"None"},"filename":"D:\\a\\xet-core\\xet-core\\xet_data\\src\\file_reconstruction\\file_reconstructor.rs","line_number":121}
{"timestamp":"2026-05-10T12:02:48.727654Z","level":"INFO","fields":{"message":"Scheduling prefetch block","file_hash":"5d91d13595b92ea0b23e54cc95ea0f068361efa2e343fe8b4e11f5feff0f0632","prefetch_range":"(0, 256000000)","requested_block_size":256000000,"actual_block_size":256000000,"queue_depth":1},"filename":"D:\\a\\xet-core\\xet-core\\xet_data\\src\\file_reconstruction\\reconstruction_terms\\manager.rs","line_number":272}
{"timestamp":"2026-05-10T12:02:48.727691Z","level":"INFO","fields":{"message":"Scheduling prefetch block","file_hash":"5d91d13595b92ea0b23e54cc95ea0f068361efa2e343fe8b4e11f5feff0f0632","prefetch_range":"(256000000, 768000000)","requested_block_size":512000000,"actual_block_size":512000000,"queue_depth":2},"filename":"D:\\a\\xet-core\\xet-core\\xet_data\\src\\file_reconstruction\\reconstruction_terms\\manager.rs","line_number":272}
{"timestamp":"2026-05-10T12:02:48.727722Z","level":"INFO","fields":{"message":"Scheduling prefetch block","file_hash":"5d91d13595b92ea0b23e54cc95ea0f068361efa2e343fe8b4e11f5feff0f0632","prefetch_range":"(768000000, 1024000000)","requested_block_size":256000000,"actual_block_size":256000000,"queue_depth":3},"filename":"D:\\a\\xet-core\\xet-core\\xet_data\\src\\file_reconstruction\\reconstruction_terms\\manager.rs","line_number":272}
{"timestamp":"2026-05-10T12:02:48.727764Z","level":"INFO","fields":{"message":"Starting get_reconstruction API call","call_id":4,"file_id":"5d91d13595b92ea0b23e54cc95ea0f068361efa2e343fe8b4e11f5feff0f0632","bytes_range":"Some(Range { start: 768000000, end: 1024000000 })","api_version":"v2"},"filename":"D:\\a\\xet-core\\xet-core\\xet_client\\src\\cas_client\\remote_client.rs","line_number":208}
{"timestamp":"2026-05-10T12:02:48.727781Z","level":"INFO","fields":{"message":"Retry strategy","max_attempts":5,"base_delay":"3s","no_retry_on_429":false},"filename":"D:\\a\\xet-core\\xet-core\\xet_client\\src\\cas_client\\retry_wrapper.rs","line_number":235}
{"timestamp":"2026-05-10T12:02:48.727878Z","level":"INFO","fields":{"message":"Starting get_reconstruction API call","call_id":5,"file_id":"5d91d13595b92ea0b23e54cc95ea0f068361efa2e343fe8b4e11f5feff0f0632","bytes_range":"Some(Range { start: 0, end: 256000000 })","api_version":"v2"},"filename":"D:\\a\\xet-core\\xet-core\\xet_client\\src\\cas_client\\remote_client.rs","line_number":208}
{"timestamp":"2026-05-10T12:02:48.727894Z","level":"INFO","fields":{"message":"Starting get_reconstruction API call","call_id":6,"file_id":"5d91d13595b92ea0b23e54cc95ea0f068361efa2e343fe8b4e11f5feff0f0632","bytes_range":"Some(Range { start: 256000000, end: 768000000 })","api_version":"v2"},"filename":"D:\\a\\xet-core\\xet-core\\xet_client\\src\\cas_client\\remote_client.rs","line_number":208}
{"timestamp":"2026-05-10T12:02:48.727931Z","level":"INFO","fields":{"message":"Retry strategy","max_attempts":5,"base_delay":"3s","no_retry_on_429":false},"filename":"D:\\a\\xet-core\\xet-core\\xet_client\\src\\cas_client\\retry_wrapper.rs","line_number":235}
{"timestamp":"2026-05-10T12:02:48.727931Z","level":"INFO","fields":{"message":"Retry strategy","max_attempts":5,"base_delay":"3s","no_retry_on_429":false},"filename":"D:\\a\\xet-core\\xet-core\\xet_client\\src\\cas_client\\retry_wrapper.rs","line_number":235}
{"timestamp":"2026-05-10T12:02:48.897033Z","level":"INFO","fields":{"message":"Received CAS response","request_id":"01KR8W9HECB7954XD7BFXJFBX1","status_code":416},"filename":"D:\\a\\xet-core\\xet-core\\xet_client\\src\\common\\http_client.rs","line_number":288}
{"timestamp":"2026-05-10T12:02:48.897060Z","level":"INFO","fields":{"message":"Reached end of reconstruction 416 (Range Not Satisfiable): \"cas::get_reconstruction_v2\" api call failed (request id 01KR8W9HECB7954XD7BFXJFBX1): HTTP status client error (416 Range Not Satisfiable) for url (https://cas-server.xethub.hf.co/v2/reconstructions/5d91d13595b92ea0b23e54cc95ea0f068361efa2e343fe8b4e11f5feff0f0632)"},"filename":"D:\\a\\xet-core\\xet-core\\xet_client\\src\\cas_client\\retry_wrapper.rs","line_number":151}
{"timestamp":"2026-05-10T12:02:48.906201Z","level":"INFO","fields":{"message":"Received CAS response","request_id":"01KR8W9HEE6BQ9W5TT1XNHKADG","status_code":416},"filename":"D:\\a\\xet-core\\xet-core\\xet_client\\src\\common\\http_client.rs","line_number":288}
{"timestamp":"2026-05-10T12:02:48.906224Z","level":"INFO","fields":{"message":"Reached end of reconstruction 416 (Range Not Satisfiable): \"cas::get_reconstruction_v2\" api call failed (request id 01KR8W9HEE6BQ9W5TT1XNHKADG): HTTP status client error (416 Range Not Satisfiable) for url (https://cas-server.xethub.hf.co/v2/reconstructions/5d91d13595b92ea0b23e54cc95ea0f068361efa2e343fe8b4e11f5feff0f0632)"},"filename":"D:\\a\\xet-core\\xet-core\\xet_client\\src\\cas_client\\retry_wrapper.rs","line_number":151}
{"timestamp":"2026-05-10T12:02:48.930480Z","level":"INFO","fields":{"message":"Received CAS response","request_id":"01KR8W9HEDYSXJBSRDQH2GTPNT","status_code":200},"filename":"D:\\a\\xet-core\\xet-core\\xet_client\\src\\common\\http_client.rs","line_number":288}
{"timestamp":"2026-05-10T12:02:48.930502Z","level":"INFO","fields":{"message":"Request Success: cas::get_reconstruction_v2 api call succeeded (request id 01KR8W9HEDYSXJBSRDQH2GTPNT)."},"filename":"D:\\a\\xet-core\\xet-core\\xet_client\\src\\cas_client\\retry_wrapper.rs","line_number":196}
{"timestamp":"2026-05-10T12:02:48.930529Z","level":"INFO","fields":{"message":"Completed get_reconstruction API call","call_id":5,"file_id":"5d91d13595b92ea0b23e54cc95ea0f068361efa2e343fe8b4e11f5feff0f0632","bytes_range":"Some(Range { start: 0, end: 256000000 })","api_version":"v2"},"filename":"D:\\a\\xet-core\\xet-core\\xet_client\\src\\cas_client\\remote_client.rs","line_number":232}
{"timestamp":"2026-05-10T12:02:48.930565Z","level":"INFO","fields":{"message":"Received block of file terms from prefetch queue","file_hash":"5d91d13595b92ea0b23e54cc95ea0f068361efa2e343fe8b4e11f5feff0f0632","domain":"transfer.xethub.hf.co","block_start":0,"block_end":9264680,"block_size":1},"filename":"D:\\a\\xet-core\\xet-core\\xet_data\\src\\file_reconstruction\\reconstruction_terms\\manager.rs","line_number":151}
{"timestamp":"2026-05-10T12:02:48.930586Z","level":"INFO","fields":{"message":"Updated completion rate estimate based on previous block completion time (seconds).","file_hash":"5d91d13595b92ea0b23e54cc95ea0f068361efa2e343fe8b4e11f5feff0f0632","block_start":0,"block_end":9264680,"block_size":9264680,"completion_time":0.0000196},"filename":"D:\\a\\xet-core\\xet-core\\xet_data\\src\\file_reconstruction\\reconstruction_terms\\manager.rs","line_number":104}
{"timestamp":"2026-05-10T12:02:48.930610Z","level":"INFO","fields":{"message":"Completed prefetch queue; end of file reached.","file_hash":"5d91d13595b92ea0b23e54cc95ea0f068361efa2e343fe8b4e11f5feff0f0632","prefetched_byte_position":1024000000},"filename":"D:\\a\\xet-core\\xet-core\\xet_data\\src\\file_reconstruction\\reconstruction_terms\\manager.rs","line_number":178}
{"timestamp":"2026-05-10T12:02:48.930619Z","level":"INFO","fields":{"message":"All term blocks received and scheduled for writing","file_hash":"5d91d13595b92ea0b23e54cc95ea0f068361efa2e343fe8b4e11f5feff0f0632","block_count":1,"total_terms_processed":1,"total_bytes_scheduled":9264680},"filename":"D:\\a\\xet-core\\xet-core\\xet_data\\src\\file_reconstruction\\run_state.rs","line_number":150}
{"timestamp":"2026-05-10T12:02:48.930639Z","level":"INFO","fields":{"message":"Retry strategy","max_attempts":5,"base_delay":"3s","no_retry_on_429":false},"filename":"D:\\a\\xet-core\\xet-core\\xet_client\\src\\cas_client\\retry_wrapper.rs","line_number":235}
{"timestamp":"2026-05-10T12:02:49.086562Z","level":"INFO","fields":{"message":"Received CAS response","request_id":"","status_code":206},"filename":"D:\\a\\xet-core\\xet-core\\xet_client\\src\\common\\http_client.rs","line_number":288}
{"timestamp":"2026-05-10T12:02:49.086586Z","level":"INFO","fields":{"message":"Request Success: s3::get_range api call succeeded (request id )."},"filename":"D:\\a\\xet-core\\xet-core\\xet_client\\src\\cas_client\\retry_wrapper.rs","line_number":196}
{"timestamp":"2026-05-10T12:02:49.411350Z","level":"INFO","fields":{"message":"File reconstruction completed successfully","file_hash":"5d91d13595b92ea0b23e54cc95ea0f068361efa2e343fe8b4e11f5feff0f0632","block_count":1,"total_terms_processed":1,"total_bytes_scheduled":9264680},"filename":"D:\\a\\xet-core\\xet-core\\xet_data\\src\\file_reconstruction\\run_state.rs","line_number":150}
{"timestamp":"2026-05-10T12:02:49.441029Z","level":"INFO","fields":{"message":"TranslatorConfig initialized","endpoint":"https://cas-server.xethub.hf.co","session_id":"Some(\"019e11c4-c7e0-7053-890f-a0fcccf74722\")","shard_cache":"E:\\Interview\\model_cache\\xet\\https___cas_serv-tGqkUaZf_CBPHQ6h\\shard-cache","shard_session":"E:\\Interview\\model_cache\\xet\\https___cas_serv-tGqkUaZf_CBPHQ6h\\staging\\shard-session"},"filename":"D:\\a\\xet-core\\xet-core\\xet_data\\src\\processing\\configurations.rs","line_number":115,"span":{"num_files":1,"name":"data_client::download"},"spans":[{"num_files":1,"name":"data_client::download"}]}
{"timestamp":"2026-05-10T12:02:49.441083Z","level":"INFO","fields":{"message":"HTTP client configured","idle_timeout":"60s","max_idle_connections":16,"custom_headers":"Some({\"user-agent\": \"unknown/None; hf_hub/1.14.0; python/3.10.5; torch/2.11.0; transformers/5.8.0; session_id/132c2b205f5746a697aac12657c98910; file_type/model; framework/pytorch; from_auto_class/False; hf_xet/1.5.0\"})"},"filename":"D:\\a\\xet-core\\xet-core\\xet_client\\src\\common\\http_client.rs","line_number":187,"span":{"num_files":1,"session_id":"019e11c4-c7e0-7053-890f-a0fcccf74722","name":"data_client::download"},"spans":[{"num_files":1,"session_id":"019e11c4-c7e0-7053-890f-a0fcccf74722","name":"data_client::download"}]}
{"timestamp":"2026-05-10T12:02:49.441103Z","level":"INFO","fields":{"message":"CAS auth disabled","caller":"D:\\a\\xet-core\\xet-core\\xet_client\\src\\common\\http_client.rs:166"},"filename":"D:\\a\\xet-core\\xet-core\\xet_runtime\\src\\error_printer\\mod.rs","line_number":198,"span":{"num_files":1,"session_id":"019e11c4-c7e0-7053-890f-a0fcccf74722","name":"data_client::download"},"spans":[{"num_files":1,"session_id":"019e11c4-c7e0-7053-890f-a0fcccf74722","name":"data_client::download"}]}
{"timestamp":"2026-05-10T12:02:49.441118Z","level":"INFO","fields":{"message":"HTTP client configured","idle_timeout":"60s","max_idle_connections":16,"custom_headers":"Some({\"user-agent\": \"unknown/None; hf_hub/1.14.0; python/3.10.5; torch/2.11.0; transformers/5.8.0; session_id/132c2b205f5746a697aac12657c98910; file_type/model; framework/pytorch; from_auto_class/False; hf_xet/1.5.0\"})"},"filename":"D:\\a\\xet-core\\xet-core\\xet_client\\src\\common\\http_client.rs","line_number":187,"span":{"num_files":1,"session_id":"019e11c4-c7e0-7053-890f-a0fcccf74722","name":"data_client::download"},"spans":[{"num_files":1,"session_id":"019e11c4-c7e0-7053-890f-a0fcccf74722","name":"data_client::download"}]}
{"timestamp":"2026-05-10T12:02:49.441211Z","level":"INFO","fields":{"message":"No-read-timeout HTTP client configured (for shard uploads)","connect_timeout":"60s"},"filename":"D:\\a\\xet-core\\xet-core\\xet_client\\src\\common\\http_client.rs","line_number":136,"span":{"num_files":1,"session_id":"019e11c4-c7e0-7053-890f-a0fcccf74722","name":"data_client::download"},"spans":[{"num_files":1,"session_id":"019e11c4-c7e0-7053-890f-a0fcccf74722","name":"data_client::download"}]}
{"timestamp":"2026-05-10T12:02:49.441222Z","level":"INFO","fields":{"message":"Initializing Adaptive Concurrency Controller for upload with starting concurrency = 2; min = 1, max = 64, min_bytes_for_adjustment = 20000000, min_completed_transmissions_for_adjustment = 1"},"filename":"D:\\a\\xet-core\\xet-core\\xet_client\\src\\cas_client\\adaptive_concurrency\\controller.rs","line_number":301,"span":{"num_files":1,"session_id":"019e11c4-c7e0-7053-890f-a0fcccf74722","name":"data_client::download"},"spans":[{"num_files":1,"session_id":"019e11c4-c7e0-7053-890f-a0fcccf74722","name":"data_client::download"}]}
{"timestamp":"2026-05-10T12:02:49.441235Z","level":"INFO","fields":{"message":"Initializing Adaptive Concurrency Controller for download with starting concurrency = 4; min = 1, max = 64, min_bytes_for_adjustment = 20000000, min_completed_transmissions_for_adjustment = 1"},"filename":"D:\\a\\xet-core\\xet-core\\xet_client\\src\\cas_client\\adaptive_concurrency\\controller.rs","line_number":301,"span":{"num_files":1,"session_id":"019e11c4-c7e0-7053-890f-a0fcccf74722","name":"data_client::download"},"spans":[{"num_files":1,"session_id":"019e11c4-c7e0-7053-890f-a0fcccf74722","name":"data_client::download"}]}
{"timestamp":"2026-05-10T12:02:49.441273Z","level":"INFO","fields":{"message":"Reconstructing file to disk","file_hash":"2b728d85dff28106e4459b3ac8818603289f96db65d78e10d5063b2a25ef28b9","byte_range":"None","path":"E:\\Interview\\model_cache\\models--microsoft--resnet-50\\blobs\\9c6061af1f450bb0847e529fd742aa5066017be379c71bbf5546b198e5b13a1e.incomplete","write_offset":"None"},"filename":"D:\\a\\xet-core\\xet-core\\xet_data\\src\\file_reconstruction\\file_reconstructor.rs","line_number":121}
{"timestamp":"2026-05-10T12:02:49.441461Z","level":"INFO","fields":{"message":"Scheduling prefetch block","file_hash":"2b728d85dff28106e4459b3ac8818603289f96db65d78e10d5063b2a25ef28b9","prefetch_range":"(0, 256000000)","requested_block_size":256000000,"actual_block_size":256000000,"queue_depth":1},"filename":"D:\\a\\xet-core\\xet-core\\xet_data\\src\\file_reconstruction\\reconstruction_terms\\manager.rs","line_number":272}
{"timestamp":"2026-05-10T12:02:49.441481Z","level":"INFO","fields":{"message":"Scheduling prefetch block","file_hash":"2b728d85dff28106e4459b3ac8818603289f96db65d78e10d5063b2a25ef28b9","prefetch_range":"(256000000, 768000000)","requested_block_size":512000000,"actual_block_size":512000000,"queue_depth":2},"filename":"D:\\a\\xet-core\\xet-core\\xet_data\\src\\file_reconstruction\\reconstruction_terms\\manager.rs","line_number":272}
{"timestamp":"2026-05-10T12:02:49.441495Z","level":"INFO","fields":{"message":"Scheduling prefetch block","file_hash":"2b728d85dff28106e4459b3ac8818603289f96db65d78e10d5063b2a25ef28b9","prefetch_range":"(768000000, 1024000000)","requested_block_size":256000000,"actual_block_size":256000000,"queue_depth":3},"filename":"D:\\a\\xet-core\\xet-core\\xet_data\\src\\file_reconstruction\\reconstruction_terms\\manager.rs","line_number":272}
{"timestamp":"2026-05-10T12:02:49.441522Z","level":"INFO","fields":{"message":"Starting get_reconstruction API call","call_id":7,"file_id":"2b728d85dff28106e4459b3ac8818603289f96db65d78e10d5063b2a25ef28b9","bytes_range":"Some(Range { start: 768000000, end: 1024000000 })","api_version":"v2"},"filename":"D:\\a\\xet-core\\xet-core\\xet_client\\src\\cas_client\\remote_client.rs","line_number":208}
{"timestamp":"2026-05-10T12:02:49.441538Z","level":"INFO","fields":{"message":"Retry strategy","max_attempts":5,"base_delay":"3s","no_retry_on_429":false},"filename":"D:\\a\\xet-core\\xet-core\\xet_client\\src\\cas_client\\retry_wrapper.rs","line_number":235}
{"timestamp":"2026-05-10T12:02:49.441534Z","level":"INFO","fields":{"message":"Starting get_reconstruction API call","call_id":8,"file_id":"2b728d85dff28106e4459b3ac8818603289f96db65d78e10d5063b2a25ef28b9","bytes_range":"Some(Range { start: 0, end: 256000000 })","api_version":"v2"},"filename":"D:\\a\\xet-core\\xet-core\\xet_client\\src\\cas_client\\remote_client.rs","line_number":208}
{"timestamp":"2026-05-10T12:02:49.441550Z","level":"INFO","fields":{"message":"Retry strategy","max_attempts":5,"base_delay":"3s","no_retry_on_429":false},"filename":"D:\\a\\xet-core\\xet-core\\xet_client\\src\\cas_client\\retry_wrapper.rs","line_number":235}
{"timestamp":"2026-05-10T12:02:49.441640Z","level":"INFO","fields":{"message":"Starting get_reconstruction API call","call_id":9,"file_id":"2b728d85dff28106e4459b3ac8818603289f96db65d78e10d5063b2a25ef28b9","bytes_range":"Some(Range { start: 256000000, end: 768000000 })","api_version":"v2"},"filename":"D:\\a\\xet-core\\xet-core\\xet_client\\src\\cas_client\\remote_client.rs","line_number":208}
{"timestamp":"2026-05-10T12:02:49.441667Z","level":"INFO","fields":{"message":"Retry strategy","max_attempts":5,"base_delay":"3s","no_retry_on_429":false},"filename":"D:\\a\\xet-core\\xet-core\\xet_client\\src\\cas_client\\retry_wrapper.rs","line_number":235}
{"timestamp":"2026-05-10T12:02:49.617219Z","level":"INFO","fields":{"message":"Received CAS response","request_id":"01KR8W9J4Q3KV03YPD74G7JHJE","status_code":416},"filename":"D:\\a\\xet-core\\xet-core\\xet_client\\src\\common\\http_client.rs","line_number":288}
{"timestamp":"2026-05-10T12:02:49.617274Z","level":"INFO","fields":{"message":"Reached end of reconstruction 416 (Range Not Satisfiable): \"cas::get_reconstruction_v2\" api call failed (request id 01KR8W9J4Q3KV03YPD74G7JHJE): HTTP status client error (416 Range Not Satisfiable) for url (https://cas-server.xethub.hf.co/v2/reconstructions/2b728d85dff28106e4459b3ac8818603289f96db65d78e10d5063b2a25ef28b9)"},"filename":"D:\\a\\xet-core\\xet-core\\xet_client\\src\\cas_client\\retry_wrapper.rs","line_number":151}
{"timestamp":"2026-05-10T12:02:49.617452Z","level":"INFO","fields":{"message":"Received CAS response","request_id":"01KR8W9J4QVGT29E5HCSH0R9C4","status_code":416},"filename":"D:\\a\\xet-core\\xet-core\\xet_client\\src\\common\\http_client.rs","line_number":288}
{"timestamp":"2026-05-10T12:02:49.617480Z","level":"INFO","fields":{"message":"Reached end of reconstruction 416 (Range Not Satisfiable): \"cas::get_reconstruction_v2\" api call failed (request id 01KR8W9J4QVGT29E5HCSH0R9C4): HTTP status client error (416 Range Not Satisfiable) for url (https://cas-server.xethub.hf.co/v2/reconstructions/2b728d85dff28106e4459b3ac8818603289f96db65d78e10d5063b2a25ef28b9)"},"filename":"D:\\a\\xet-core\\xet-core\\xet_client\\src\\cas_client\\retry_wrapper.rs","line_number":151}
{"timestamp":"2026-05-10T12:02:50.076649Z","level":"INFO","fields":{"message":"Received CAS response","request_id":"01KR8W9J4S03Z6B7RXD4YTFRCZ","status_code":200},"filename":"D:\\a\\xet-core\\xet-core\\xet_client\\src\\common\\http_client.rs","line_number":288}
{"timestamp":"2026-05-10T12:02:50.076700Z","level":"INFO","fields":{"message":"Request Success: cas::get_reconstruction_v2 api call succeeded (request id 01KR8W9J4S03Z6B7RXD4YTFRCZ)."},"filename":"D:\\a\\xet-core\\xet-core\\xet_client\\src\\cas_client\\retry_wrapper.rs","line_number":196}
{"timestamp":"2026-05-10T12:02:50.076774Z","level":"INFO","fields":{"message":"Completed get_reconstruction API call","call_id":8,"file_id":"2b728d85dff28106e4459b3ac8818603289f96db65d78e10d5063b2a25ef28b9","bytes_range":"Some(Range { start: 0, end: 256000000 })","api_version":"v2"},"filename":"D:\\a\\xet-core\\xet-core\\xet_client\\src\\cas_client\\remote_client.rs","line_number":232}
{"timestamp":"2026-05-10T12:02:50.076867Z","level":"INFO","fields":{"message":"Received block of file terms from prefetch queue","file_hash":"2b728d85dff28106e4459b3ac8818603289f96db65d78e10d5063b2a25ef28b9","domain":"transfer.xethub.hf.co","block_start":0,"block_end":102482854,"block_size":3},"filename":"D:\\a\\xet-core\\xet-core\\xet_data\\src\\file_reconstruction\\reconstruction_terms\\manager.rs","line_number":151}
{"timestamp":"2026-05-10T12:02:50.076921Z","level":"INFO","fields":{"message":"Updated completion rate estimate based on previous block completion time (seconds).","file_hash":"2b728d85dff28106e4459b3ac8818603289f96db65d78e10d5063b2a25ef28b9","block_start":0,"block_end":102482854,"block_size":102482854,"completion_time":0.0000516},"filename":"D:\\a\\xet-core\\xet-core\\xet_data\\src\\file_reconstruction\\reconstruction_terms\\manager.rs","line_number":104}
{"timestamp":"2026-05-10T12:02:50.076943Z","level":"INFO","fields":{"message":"Completed prefetch queue; end of file reached.","file_hash":"2b728d85dff28106e4459b3ac8818603289f96db65d78e10d5063b2a25ef28b9","prefetched_byte_position":1024000000},"filename":"D:\\a\\xet-core\\xet-core\\xet_data\\src\\file_reconstruction\\reconstruction_terms\\manager.rs","line_number":178}
{"timestamp":"2026-05-10T12:02:50.076959Z","level":"INFO","fields":{"message":"All term blocks received and scheduled for writing","file_hash":"2b728d85dff28106e4459b3ac8818603289f96db65d78e10d5063b2a25ef28b9","block_count":1,"total_terms_processed":3,"total_bytes_scheduled":102482854},"filename":"D:\\a\\xet-core\\xet-core\\xet_data\\src\\file_reconstruction\\run_state.rs","line_number":150}
{"timestamp":"2026-05-10T12:02:50.076966Z","level":"INFO","fields":{"message":"Retry strategy","max_attempts":5,"base_delay":"3s","no_retry_on_429":false},"filename":"D:\\a\\xet-core\\xet-core\\xet_client\\src\\cas_client\\retry_wrapper.rs","line_number":235}
{"timestamp":"2026-05-10T12:02:50.076963Z","level":"INFO","fields":{"message":"Retry strategy","max_attempts":5,"base_delay":"3s","no_retry_on_429":false},"filename":"D:\\a\\xet-core\\xet-core\\xet_client\\src\\cas_client\\retry_wrapper.rs","line_number":235}
{"timestamp":"2026-05-10T12:02:50.076994Z","level":"INFO","fields":{"message":"Retry strategy","max_attempts":5,"base_delay":"3s","no_retry_on_429":false},"filename":"D:\\a\\xet-core\\xet-core\\xet_client\\src\\cas_client\\retry_wrapper.rs","line_number":235}
{"timestamp":"2026-05-10T12:02:50.232568Z","level":"INFO","fields":{"message":"Received CAS response","request_id":"","status_code":206},"filename":"D:\\a\\xet-core\\xet-core\\xet_client\\src\\common\\http_client.rs","line_number":288}
{"timestamp":"2026-05-10T12:02:50.232616Z","level":"INFO","fields":{"message":"Request Success: s3::get_range api call succeeded (request id )."},"filename":"D:\\a\\xet-core\\xet-core\\xet_client\\src\\cas_client\\retry_wrapper.rs","line_number":196}
{"timestamp":"2026-05-10T12:02:50.232826Z","level":"INFO","fields":{"message":"Received CAS response","request_id":"","status_code":206},"filename":"D:\\a\\xet-core\\xet-core\\xet_client\\src\\common\\http_client.rs","line_number":288}
{"timestamp":"2026-05-10T12:02:50.232848Z","level":"INFO","fields":{"message":"Request Success: s3::get_range api call succeeded (request id )."},"filename":"D:\\a\\xet-core\\xet-core\\xet_client\\src\\cas_client\\retry_wrapper.rs","line_number":196}
{"timestamp":"2026-05-10T12:02:50.239125Z","level":"INFO","fields":{"message":"Received CAS response","request_id":"","status_code":206},"filename":"D:\\a\\xet-core\\xet-core\\xet_client\\src\\common\\http_client.rs","line_number":288}
{"timestamp":"2026-05-10T12:02:50.239170Z","level":"INFO","fields":{"message":"Request Success: s3::get_range api call succeeded (request id )."},"filename":"D:\\a\\xet-core\\xet-core\\xet_client\\src\\cas_client\\retry_wrapper.rs","line_number":196}
{"timestamp":"2026-05-10T12:02:52.162158Z","level":"INFO","fields":{"message":"Concurrency control for download: Increased concurrency from 4 to 5; reason: success ratio 1.000 is above threshold 0.800 and predicted RTT for 61MB at new concurrency is 6.67s < target 60.0s"},"filename":"D:\\a\\xet-core\\xet-core\\xet_client\\src\\cas_client\\adaptive_concurrency\\controller.rs","line_number":543}
{"timestamp":"2026-05-10T12:02:52.684709Z","level":"INFO","fields":{"message":"Concurrency control for download: Increased concurrency from 5 to 6; reason: success ratio 1.000 is above threshold 0.800 and predicted RTT for 61MB at new concurrency is 7.08s < target 60.0s"},"filename":"D:\\a\\xet-core\\xet-core\\xet_client\\src\\cas_client\\adaptive_concurrency\\controller.rs","line_number":543}
{"timestamp":"2026-05-10T12:02:53.286162Z","level":"INFO","fields":{"message":"Concurrency control for download: Increased concurrency from 6 to 7; reason: success ratio 1.000 is above threshold 0.800 and predicted RTT for 61MB at new concurrency is 0.38s < target 60.0s"},"filename":"D:\\a\\xet-core\\xet-core\\xet_client\\src\\cas_client\\adaptive_concurrency\\controller.rs","line_number":543}
{"timestamp":"2026-05-10T12:02:53.529711Z","level":"INFO","fields":{"message":"File reconstruction completed successfully","file_hash":"2b728d85dff28106e4459b3ac8818603289f96db65d78e10d5063b2a25ef28b9","block_count":1,"total_terms_processed":3,"total_bytes_scheduled":102482854},"filename":"D:\\a\\xet-core\\xet-core\\xet_data\\src\\file_reconstruction\\run_state.rs","line_number":150}
